::1 - - [04/Apr/2024:11:47:33 +0000] "GET /movie HTTP/1.1" - -
::1 - - [04/Apr/2024:11:47:47 +0000] "GET / HTTP/1.1" - -
::1 - - [04/Apr/2024:11:47:47 +0000] "GET /movie HTTP/1.1" - -
::1 - - [04/Apr/2024:11:47:54 +0000] "GET / HTTP/1.1" - -
::1 - - [04/Apr/2024:11:47:54 +0000] "GET /movie HTTP/1.1" - -
::1 - - [04/Apr/2024:11:47:56 +0000] "GET /movie HTTP/1.1" - -
::1 - - [04/Apr/2024:11:53:11 +0000] "GET /movie HTTP/1.1" - -
::1 - - [04/Apr/2024:11:53:11 +0000] "GET /style.css HTTP/1.1" - -
::1 - - [04/Apr/2024:11:53:12 +0000] "GET /movie HTTP/1.1" - -
::1 - - [04/Apr/2024:11:53:13 +0000] "GET /style.css HTTP/1.1" - -
::1 - - [04/Apr/2024:11:53:38 +0000] "GET /movie HTTP/1.1" - -
::1 - - [04/Apr/2024:11:53:38 +0000] "GET /style.css HTTP/1.1" - -
::1 - - [04/Apr/2024:11:53:39 +0000] "GET /movie HTTP/1.1" - -
::1 - - [04/Apr/2024:11:53:39 +0000] "GET /style.css HTTP/1.1" - -
::1 - - [04/Apr/2024:11:55:24 +0000] "GET /movie HTTP/1.1" - -
::1 - - [04/Apr/2024:11:56:29 +0000] "GET /movie HTTP/1.1" - -
::1 - - [04/Apr/2024:12:04:33 +0000] "GET /movie HTTP/1.1" - -
::1 - - [04/Apr/2024:12:04:36 +0000] "GET /movie/delete/1 HTTP/1.1" - -
::1 - - [04/Apr/2024:12:04:36 +0000] "GET /movie HTTP/1.1" - -
::1 - - [04/Apr/2024:12:04:46 +0000] "GET /movie/delete/3 HTTP/1.1" - -
::1 - - [04/Apr/2024:12:04:46 +0000] "GET /movie HTTP/1.1" - -
::1 - - [04/Apr/2024:12:04:49 +0000] "GET /movie/delete/2 HTTP/1.1" - -
::1 - - [04/Apr/2024:12:04:49 +0000] "GET /movie HTTP/1.1" - -
::1 - - [04/Apr/2024:12:04:50 +0000] "GET /movie HTTP/1.1" - -
::1 - - [04/Apr/2024:12:04:51 +0000] "GET /movie HTTP/1.1" - -
::1 - - [04/Apr/2024:12:05:00 +0000] "GET /movie HTTP/1.1" - -
::1 - - [04/Apr/2024:12:07:57 +0000] "GET /movie HTTP/1.1" - -
::1 - - [04/Apr/2024:12:19:25 +0000] "GET /movie HTTP/1.1" - -
::1 - - [04/Apr/2024:12:19:26 +0000] "GET /movie/form HTTP/1.1" - -
::1 - - [04/Apr/2024:12:20:36 +0000] "GET /movie/form HTTP/1.1" - -
::1 - - [04/Apr/2024:12:20:40 +0000] "GET /movie/form/1 HTTP/1.1" - -
::1 - - [04/Apr/2024:12:35:16 +0000] "GET /movie HTTP/1.1" - -
::1 - - [04/Apr/2024:12:37:39 +0000] "GET /movie/form/1 HTTP/1.1" - -
::1 - - [04/Apr/2024:12:37:43 +0000] "POST /movie/save HTTP/1.1" - -
::1 - - [04/Apr/2024:12:37:43 +0000] "GET /movie HTTP/1.1" - -
::1 - - [04/Apr/2024:12:38:35 +0000] "GET /movie HTTP/1.1" - -
